-------------------------------------------------------------------------------
Test set: com.example.LoginCourierTests
-------------------------------------------------------------------------------
Tests run: 6, Failures: 1, Errors: 0, Skipped: 0, Time elapsed: 70.2 s <<< FAILURE! - in com.example.LoginCourierTests
loginWithoutPasswordFailureTest(com.example.LoginCourierTests)  Time elapsed: 60.601 s  <<< FAILURE!
java.lang.AssertionError: Status code is incorrect expected:<400> but was:<504>
	at com.example.LoginCourierTests.loginWithoutPasswordFailureTest(LoginCourierTests.java:123)

